{"lv":"error","ts":1724397811,"msg":"参数校验失败: Key: 'SendDto.Data.Type' Error:Field validation for 'Type' failed on the 'required' tag\nKey: 'SendDto.Data.Language' Error:Field validation for 'Language' failed on the 'required' tag"}
{"lv":"error","ts":1724397827,"msg":"参数校验失败: Key: 'SendDto.Data.Type' Error:Field validation for 'Type' failed on the 'required' tag\nKey: 'SendDto.Data.Language' Error:Field validation for 'Language' failed on the 'required' tag"}
{"lv":"error","ts":1724999963,"msg":"Decryption error: "}
{"lv":"error","ts":1724999967,"msg":"Decryption error: "}
{"lv":"error","ts":1724999984,"msg":"Decryption error: "}
{"lv":"error","ts":1725000031,"msg":"Decryption error: "}
{"lv":"error","ts":1725000079,"msg":"Decryption error: "}
{"lv":"error","ts":1725001088,"msg":"Failed to decrypt content: "}
{"lv":"error","ts":1725192676,"msg":"Key==============pzy0123456789pzy"}
{"lv":"error","ts":1725192676,"msg":"Src==============16"}
{"lv":"error","ts":1725192676,"msg":"BlockSize==============16"}
{"lv":"error","ts":1725192676,"msg":"End encryptData=============="}
{"lv":"error","ts":1725192829,"msg":"Key==============pzy0123456789pzy"}
{"lv":"error","ts":1725192829,"msg":"Src==============16"}
{"lv":"error","ts":1725192829,"msg":"BlockSize==============16"}
{"lv":"error","ts":1725192829,"msg":"End encryptData=============="}
{"lv":"error","ts":1725193183,"msg":"Key==============pzy0123456789pzy"}
{"lv":"error","ts":1725193183,"msg":"Src==============16"}
{"lv":"error","ts":1725193183,"msg":"BlockSize==============16"}
{"lv":"error","ts":1725193183,"msg":"End encryptData=============="}
{"lv":"error","ts":1725193279,"msg":"Key==============pzy0123456789pzy"}
{"lv":"error","ts":1725193279,"msg":"Src==============16"}
{"lv":"error","ts":1725193279,"msg":"BlockSize==============16"}
{"lv":"error","ts":1725193279,"msg":"End encryptData=============="}
{"lv":"error","ts":1725193333,"msg":"Key==============pzy0123456789pzy"}
{"lv":"error","ts":1725193333,"msg":"Src==============16"}
{"lv":"error","ts":1725193333,"msg":"BlockSize==============16"}
{"lv":"error","ts":1725193333,"msg":"End encryptData=============="}
{"lv":"error","ts":1725193361,"msg":"Key==============pzy0123456789pzy"}
{"lv":"error","ts":1725193361,"msg":"Src==============16"}
{"lv":"error","ts":1725193361,"msg":"BlockSize==============16"}
{"lv":"error","ts":1725193361,"msg":"End encryptData=============="}
{"lv":"error","ts":1725193526,"msg":"Key==============pzy0123456789pzy"}
{"lv":"error","ts":1725193526,"msg":"Src==============16"}
{"lv":"error","ts":1725193526,"msg":"BlockSize==============16"}
{"lv":"error","ts":1725193526,"msg":"End encryptData=============="}
{"lv":"error","ts":1725193573,"msg":"Key==============pzy0123456789pzy"}
{"lv":"error","ts":1725193573,"msg":"Src==============32"}
{"lv":"error","ts":1725193573,"msg":"BlockSize==============16"}
{"lv":"error","ts":1725193573,"msg":"End encryptData=============="}
{"lv":"error","ts":1725193611,"msg":"Key==============pzy0123456789pzy"}
{"lv":"error","ts":1725193611,"msg":"Src==============32"}
{"lv":"error","ts":1725193611,"msg":"BlockSize==============16"}
{"lv":"error","ts":1725193611,"msg":"End encryptData=============="}
{"lv":"error","ts":1725193760,"msg":"Key==============pzy0123456789pzy"}
{"lv":"error","ts":1725193760,"msg":"Src==============32"}
{"lv":"error","ts":1725193760,"msg":"BlockSize==============16"}
{"lv":"error","ts":1725193760,"msg":"End encryptData=============="}
{"lv":"error","ts":1725193813,"msg":"Key==============pzy0123456789pzy"}
{"lv":"error","ts":1725193813,"msg":"Src==============32"}
{"lv":"error","ts":1725193813,"msg":"BlockSize==============16"}
{"lv":"error","ts":1725193813,"msg":"End encryptData=============="}
{"lv":"error","ts":1725193936,"msg":"Key==============pzy0123456789pzy"}
{"lv":"error","ts":1725193936,"msg":"Src==============16"}
{"lv":"error","ts":1725193936,"msg":"BlockSize==============16"}
{"lv":"error","ts":1725193936,"msg":"End encryptData=============="}
{"lv":"error","ts":1725194129,"msg":"Key==============pzy0123456789pzy"}
{"lv":"error","ts":1725194129,"msg":"Src==============16"}
{"lv":"error","ts":1725194129,"msg":"BlockSize==============16"}
{"lv":"error","ts":1725194129,"msg":"End encryptData=============="}
{"lv":"error","ts":1725194207,"msg":"Key==============pzy0123456789pzy"}
{"lv":"error","ts":1725194207,"msg":"Src==============16"}
{"lv":"error","ts":1725194207,"msg":"BlockSize==============16"}
{"lv":"error","ts":1725194207,"msg":"End encryptData=============="}
{"lv":"error","ts":1725194309,"msg":"Key==============pzy0123456789pzy"}
{"lv":"error","ts":1725194309,"msg":"Src==============16"}
{"lv":"error","ts":1725194309,"msg":"BlockSize==============16"}
{"lv":"error","ts":1725194309,"msg":"End encryptData=============="}
{"lv":"error","ts":1725195048,"msg":"Key==============pzy0123456789pzy"}
{"lv":"error","ts":1725195048,"msg":"Src==============16"}
{"lv":"error","ts":1725195048,"msg":"BlockSize==============16"}
{"lv":"error","ts":1725195048,"msg":"End encryptData=============="}
{"lv":"error","ts":1725195272,"msg":"Key==============pzy0123456789pzy"}
{"lv":"error","ts":1725195272,"msg":"Src==============16"}
{"lv":"error","ts":1725195272,"msg":"BlockSize==============16"}
{"lv":"error","ts":1725195272,"msg":"End encryptData=============="}
{"lv":"error","ts":1725195293,"msg":"Key==============pzy0123456789pzy"}
{"lv":"error","ts":1725195293,"msg":"Src==============16"}
{"lv":"error","ts":1725195293,"msg":"BlockSize==============16"}
{"lv":"error","ts":1725195293,"msg":"End encryptData=============="}
{"lv":"error","ts":1725195556,"msg":"Key==============pzy0123456789pzy"}
{"lv":"error","ts":1725195556,"msg":"Src==============16"}
{"lv":"error","ts":1725195556,"msg":"BlockSize==============16"}
{"lv":"error","ts":1725195556,"msg":"End encryptData=============="}
{"lv":"error","ts":1725195613,"msg":"Key==============pzy0123456789pzy"}
{"lv":"error","ts":1725195613,"msg":"Src==============16"}
{"lv":"error","ts":1725195613,"msg":"BlockSize==============16"}
{"lv":"error","ts":1725195613,"msg":"End encryptData=============="}
{"lv":"error","ts":1725195678,"msg":"Key==============pzy0123456789pzy"}
{"lv":"error","ts":1725195678,"msg":"Src==============16"}
{"lv":"error","ts":1725195678,"msg":"BlockSize==============16"}
{"lv":"error","ts":1725195678,"msg":"End encryptData=============="}
{"lv":"error","ts":1725195746,"msg":"Key==============pzy0123456789pzy"}
{"lv":"error","ts":1725195746,"msg":"Src==============32"}
{"lv":"error","ts":1725195746,"msg":"BlockSize==============16"}
{"lv":"error","ts":1725195746,"msg":"End encryptData=============="}
{"lv":"error","ts":1725195807,"msg":"Key==============pzy0123456789pzy"}
{"lv":"error","ts":1725195807,"msg":"Src==============32"}
{"lv":"error","ts":1725195807,"msg":"BlockSize==============16"}
{"lv":"error","ts":1725195807,"msg":"End encryptData=============="}
{"lv":"error","ts":1725195853,"msg":"Key==============pzy0123456789pzy"}
{"lv":"error","ts":1725195853,"msg":"Src==============32"}
{"lv":"error","ts":1725195853,"msg":"BlockSize==============16"}
{"lv":"error","ts":1725195853,"msg":"End encryptData=============="}
{"lv":"error","ts":1725195883,"msg":"Key==============pzy0123456789pzy"}
{"lv":"error","ts":1725195883,"msg":"Src==============32"}
{"lv":"error","ts":1725195883,"msg":"BlockSize==============16"}
{"lv":"error","ts":1725195883,"msg":"End encryptData=============="}
{"lv":"error","ts":1725195956,"msg":"Key==============pzy0123456789pzy"}
{"lv":"error","ts":1725195956,"msg":"Src==============32"}
{"lv":"error","ts":1725195956,"msg":"BlockSize==============16"}
{"lv":"error","ts":1725195956,"msg":"End encryptData=============="}
{"lv":"error","ts":1725196076,"msg":"Key==============pzy0123456789pzy"}
{"lv":"error","ts":1725196076,"msg":"Src==============32"}
{"lv":"error","ts":1725196076,"msg":"BlockSize==============16"}
{"lv":"error","ts":1725196076,"msg":"End encryptData=============="}
{"lv":"error","ts":1725196142,"msg":"Key==============pzy0123456789pzy"}
{"lv":"error","ts":1725196284,"msg":"Key==============pzy0123456789pzy"}
{"lv":"error","ts":1725196284,"msg":"Src==============16"}
{"lv":"error","ts":1725196284,"msg":"BlockSize==============16"}
{"lv":"error","ts":1725196284,"msg":"End encryptData=============="}
{"lv":"error","ts":1725196330,"msg":"Key==============pzy0123456789pzy"}
{"lv":"error","ts":1725196330,"msg":"Src==============16"}
{"lv":"error","ts":1725196330,"msg":"BlockSize==============16"}
{"lv":"error","ts":1725196330,"msg":"End encryptData=============="}
{"lv":"error","ts":1725196359,"msg":"Key==============pzy0123456789pzy"}
{"lv":"error","ts":1725196359,"msg":"Src==============16"}
{"lv":"error","ts":1725196359,"msg":"BlockSize==============16"}
{"lv":"error","ts":1725196359,"msg":"End encryptData=============="}
{"lv":"error","ts":1725196437,"msg":"Key==============pzy0123456789pzy"}
{"lv":"error","ts":1725196442,"msg":"Src==============16"}
{"lv":"error","ts":1725196443,"msg":"BlockSize==============16"}
{"lv":"error","ts":1725196445,"msg":"End encryptData=============="}
